<?xml version="1.0" encoding="UTF-8"?>
<testng-results ignored="0" total="2" passed="2" failed="0" skipped="0">
  <reporter-output>
  </reporter-output>
  <suite started-at="2023-09-14T14:01:57 CDT" name="MyTestSuite" finished-at="2023-09-14T14:03:21 CDT" duration-ms="83798">
    <groups>
      <group name="cucumber">
        <method signature="AbstractTestNGCucumberTests.runScenario(io.cucumber.testng.PickleWrapper,io.cucumber.testng.FeatureWrapper)[pri:0, instance:env.RunCukeTest@7e0b85f9]" name="runScenario" class="io.cucumber.testng.AbstractTestNGCucumberTests"/>
      </group> <!-- cucumber -->
    </groups>
    <test started-at="2023-09-14T14:01:57 CDT" name="CucumberTest" finished-at="2023-09-14T14:03:21 CDT" duration-ms="83798">
      <class name="env.RunCukeTest">
        <test-method is-config="true" signature="setUpClass(org.testng.ITestContext)[pri:0, instance:env.RunCukeTest@7e0b85f9]" started-at="2023-09-14T14:01:57 CDT" name="setUpClass" finished-at="2023-09-14T14:01:58 CDT" duration-ms="575" status="PASS">
          <params>
            <param index="0">
              <value>
                <![CDATA[org.testng.TestRunner@59c04bee]]>
              </value>
            </param>
          </params>
          <reporter-output>
          </reporter-output>
        </test-method> <!-- setUpClass -->
        <test-method signature="runScenario(io.cucumber.testng.PickleWrapper,io.cucumber.testng.FeatureWrapper)[pri:0, instance:env.RunCukeTest@7e0b85f9]" started-at="2023-09-14T14:01:58 CDT" name="runScenario" description="Runs Cucumber Scenarios" data-provider="scenarios" finished-at="2023-09-14T14:02:30 CDT" duration-ms="32370" status="PASS">
          <params>
            <param index="0">
              <value>
                <![CDATA["I login with valid credential"]]>
              </value>
            </param>
            <param index="1">
              <value>
                <![CDATA["Optional[Shopping at best buy]"]]>
              </value>
            </param>
          </params>
          <reporter-output>
          </reporter-output>
        </test-method> <!-- runScenario -->
        <test-method signature="runScenario(io.cucumber.testng.PickleWrapper,io.cucumber.testng.FeatureWrapper)[pri:0, instance:env.RunCukeTest@7e0b85f9]" started-at="2023-09-14T14:02:30 CDT" name="runScenario" description="Runs Cucumber Scenarios" data-provider="scenarios" finished-at="2023-09-14T14:03:21 CDT" duration-ms="50741" status="PASS">
          <params>
            <param index="0">
              <value>
                <![CDATA["I login with valid credential"]]>
              </value>
            </param>
            <param index="1">
              <value>
                <![CDATA["Optional[Shopping at best buy]"]]>
              </value>
            </param>
          </params>
          <reporter-output>
          </reporter-output>
        </test-method> <!-- runScenario -->
        <test-method is-config="true" signature="tearDownClass()[pri:0, instance:env.RunCukeTest@7e0b85f9]" started-at="2023-09-14T14:03:21 CDT" name="tearDownClass" finished-at="2023-09-14T14:03:21 CDT" duration-ms="74" status="PASS">
          <reporter-output>
          </reporter-output>
        </test-method> <!-- tearDownClass -->
      </class> <!-- env.RunCukeTest -->
    </test> <!-- CucumberTest -->
  </suite> <!-- MyTestSuite -->
</testng-results>
