<?xml version="1.0" encoding="UTF-8"?>
<testsuite xmlns:xsi="http://www.w3.org/2001/XMLSchema-instance" xsi:noNamespaceSchemaLocation="https://maven.apache.org/surefire/maven-surefire-plugin/xsd/surefire-test-report-3.0.xsd" version="3.0" name="TestSuite" time="84.339" tests="2" errors="0" skipped="0" failures="0">
  <properties>
[...]
</properties>
  <testcase name="runScenario[&quot;I login with valid credential&quot;, &quot;Optional[Shopping at best buy]&quot;](1)" classname="env.RunCukeTest" time="32.372">
    <system-out><![CDATA[
Scenario Outline: I login with valid credential                                                                       &amp#27;[90m# src/test/resources/features/bestBuyAutomation.feature:14&amp#27;[0m
  &amp#27;[32mGiven &amp#27;[0m&amp#27;[32mI open the BestBuy website&amp#27;[0m                                                                                    &amp#27;[90m# stepDefinition.UserStepDefinitions.openBestBuyWebsite()&amp#27;[0m
  &amp#27;[32mAnd &amp#27;[0m&amp#27;[32mI search for "&amp#27;[0m&amp#27;[32m&amp#27;[1mIphone 13&amp#27;[0m&amp#27;[32m" in the top search bar and click the search icon&amp#27;[0m                                        &amp#27;[90m# stepDefinition.UserStepDefinitions.iSearchFor(java.lang.String)&amp#27;[0m
  &amp#27;[32mAnd &amp#27;[0m&amp#27;[32mI wait for the search results to load&amp#27;[0m                                                                           &amp#27;[90m# stepDefinition.UserStepDefinitions.iWaitForTheSearchResultsToLoad()&amp#27;[0m
  &amp#27;[32mWhen &amp#27;[0m&amp#27;[32mI find an item with a "&amp#27;[0m&amp#27;[32m&amp#27;[1mApple - Pre-Owned iPhone 13 Pro 5G 128GB (Unlocked) - Graphite&amp#27;[0m&amp#27;[32m", "&amp#27;[0m&amp#27;[32m&amp#27;[1mA2483-GRY&amp#27;[0m&amp#27;[32m", "&amp#27;[0m&amp#27;[32m&amp#27;[1m$879.99&amp#27;[0m&amp#27;[32m"&amp#27;[0m &amp#27;[90m# stepDefinition.UserStepDefinitions.iFindAnItemWithADescriptionModelPrice(java.lang.String,java.lang.String,java.lang.String)&amp#27;[0m
  &amp#27;[32mThen &amp#27;[0m&amp#27;[32mI click on Add to Cart&amp#27;[0m                                                                                         &amp#27;[90m# stepDefinition.UserStepDefinitions.iClickOnAddToCart()&amp#27;[0m
  &amp#27;[32mAnd &amp#27;[0m&amp#27;[32mI verify that a popup appears with the text "&amp#27;[0m&amp#27;[32m&amp#27;[1mValidationMessage&amp#27;[0m&amp#27;[32m"&amp#27;[0m                                                 &amp#27;[90m# stepDefinition.UserStepDefinitions.iVerifyThatAPopupAppearsWithTheText(java.lang.String)&amp#27;[0m
Pass
  &amp#27;[32mAnd &amp#27;[0m&amp#27;[32mI verify that I am on the Cart page by validating the presence of "&amp#27;[0m&amp#27;[32m&amp#27;[1mOrder Summary&amp#27;[0m&amp#27;[32m"&amp#27;[0m                               &amp#27;[90m# stepDefinition.UserStepDefinitions.iVerifyThatIAmOnTheCartPageByValidatingThePresenceOf(java.lang.String)&amp#27;[0m
  &amp#27;[32mAnd &amp#27;[0m&amp#27;[32mI click the checkout button&amp#27;[0m                                                                                     &amp#27;[90m# stepDefinition.UserStepDefinitions.iClickTheCheckoutButton()&amp#27;[0m
]]></system-out>
    <system-err><![CDATA[SLF4J: Failed to load class "org.slf4j.impl.StaticLoggerBinder".
SLF4J: Defaulting to no-operation (NOP) logger implementation
SLF4J: See http://www.slf4j.org/codes.html#StaticLoggerBinder for further details.
Sep 14, 2023 2:02:00 PM org.openqa.selenium.devtools.CdpVersionFinder findNearestMatch
WARNING: Unable to find CDP implementation matching 117
Sep 14, 2023 2:02:00 PM org.openqa.selenium.chromium.ChromiumDriver lambda$new$5
WARNING: Unable to find version of CDP to use for 117.0.5938.63. You may need to include a dependency on a specific version of the CDP using something similar to `org.seleniumhq.selenium:selenium-devtools-v86:4.11.0` where the version ("v86") matches the version of the chromium-based browser you're using and the version number of the artifact is the same as Selenium's.
Sep 14, 2023 2:02:30 PM org.openqa.selenium.remote.http.WebSocket$Listener onError
WARNING: Connection reset
java.net.SocketException: Connection reset
	at java.base/sun.nio.ch.SocketChannelImpl.throwConnectionReset(SocketChannelImpl.java:401)
	at java.base/sun.nio.ch.SocketChannelImpl.read(SocketChannelImpl.java:434)
	at io.netty.buffer.PooledByteBuf.setBytes(PooledByteBuf.java:256)
	at io.netty.buffer.AbstractByteBuf.writeBytes(AbstractByteBuf.java:1132)
	at io.netty.channel.socket.nio.NioSocketChannel.doReadBytes(NioSocketChannel.java:357)
	at io.netty.channel.nio.AbstractNioByteChannel$NioByteUnsafe.read(AbstractNioByteChannel.java:151)
	at io.netty.channel.nio.NioEventLoop.processSelectedKey(NioEventLoop.java:788)
	at io.netty.channel.nio.NioEventLoop.processSelectedKeysOptimized(NioEventLoop.java:724)
	at io.netty.channel.nio.NioEventLoop.processSelectedKeys(NioEventLoop.java:650)
	at io.netty.channel.nio.NioEventLoop.run(NioEventLoop.java:562)
	at io.netty.util.concurrent.SingleThreadEventExecutor$4.run(SingleThreadEventExecutor.java:997)
	at io.netty.util.internal.ThreadExecutorMap$2.run(ThreadExecutorMap.java:74)
	at io.netty.util.concurrent.FastThreadLocalRunnable.run(FastThreadLocalRunnable.java:30)
	at java.base/java.lang.Thread.run(Thread.java:1589)

]]></system-err>
  </testcase>
  <testcase name="runScenario[&quot;I login with valid credential&quot;, &quot;Optional[Shopping at best buy]&quot;](2)" classname="env.RunCukeTest" time="50.742">
    <system-out><![CDATA[
Scenario Outline: I login with valid credential                                                     &amp#27;[90m# src/test/resources/features/bestBuyAutomation.feature:15&amp#27;[0m
  &amp#27;[32mGiven &amp#27;[0m&amp#27;[32mI open the BestBuy website&amp#27;[0m                                                                  &amp#27;[90m# stepDefinition.UserStepDefinitions.openBestBuyWebsite()&amp#27;[0m
  &amp#27;[32mAnd &amp#27;[0m&amp#27;[32mI search for "&amp#27;[0m&amp#27;[32m&amp#27;[1mIphone 12&amp#27;[0m&amp#27;[32m" in the top search bar and click the search icon&amp#27;[0m                      &amp#27;[90m# stepDefinition.UserStepDefinitions.iSearchFor(java.lang.String)&amp#27;[0m
  &amp#27;[32mAnd &amp#27;[0m&amp#27;[32mI wait for the search results to load&amp#27;[0m                                                         &amp#27;[90m# stepDefinition.UserStepDefinitions.iWaitForTheSearchResultsToLoad()&amp#27;[0m
  &amp#27;[32mWhen &amp#27;[0m&amp#27;[32mI find an item with a "&amp#27;[0m&amp#27;[32m&amp#27;[1mApple - iPhone 12 5G 64GB (Unlocked) - Black&amp#27;[0m&amp#27;[32m", "&amp#27;[0m&amp#27;[32m&amp#27;[1mMGF43LL/A&amp#27;[0m&amp#27;[32m", "&amp#27;[0m&amp#27;[32m&amp#27;[1m$629.99&amp#27;[0m&amp#27;[32m"&amp#27;[0m &amp#27;[90m# stepDefinition.UserStepDefinitions.iFindAnItemWithADescriptionModelPrice(java.lang.String,java.lang.String,java.lang.String)&amp#27;[0m
  &amp#27;[32mThen &amp#27;[0m&amp#27;[32mI click on Add to Cart&amp#27;[0m                                                                       &amp#27;[90m# stepDefinition.UserStepDefinitions.iClickOnAddToCart()&amp#27;[0m
  &amp#27;[32mAnd &amp#27;[0m&amp#27;[32mI verify that a popup appears with the text "&amp#27;[0m&amp#27;[32m&amp#27;[1mValidationMessage&amp#27;[0m&amp#27;[32m"&amp#27;[0m                               &amp#27;[90m# stepDefinition.UserStepDefinitions.iVerifyThatAPopupAppearsWithTheText(java.lang.String)&amp#27;[0m
Pass
  &amp#27;[32mAnd &amp#27;[0m&amp#27;[32mI verify that I am on the Cart page by validating the presence of "&amp#27;[0m&amp#27;[32m&amp#27;[1mOrder Summary&amp#27;[0m&amp#27;[32m"&amp#27;[0m             &amp#27;[90m# stepDefinition.UserStepDefinitions.iVerifyThatIAmOnTheCartPageByValidatingThePresenceOf(java.lang.String)&amp#27;[0m
  &amp#27;[32mAnd &amp#27;[0m&amp#27;[32mI click the checkout button&amp#27;[0m                                                                   &amp#27;[90m# stepDefinition.UserStepDefinitions.iClickTheCheckoutButton()&amp#27;[0m
]]></system-out>
    <system-err><![CDATA[Sep 14, 2023 2:02:31 PM org.openqa.selenium.devtools.CdpVersionFinder findNearestMatch
WARNING: Unable to find CDP implementation matching 117
Sep 14, 2023 2:02:31 PM org.openqa.selenium.chromium.ChromiumDriver lambda$new$5
WARNING: Unable to find version of CDP to use for 117.0.5938.63. You may need to include a dependency on a specific version of the CDP using something similar to `org.seleniumhq.selenium:selenium-devtools-v86:4.11.0` where the version ("v86") matches the version of the chromium-based browser you're using and the version number of the artifact is the same as Selenium's.
Sep 14, 2023 2:03:20 PM org.openqa.selenium.remote.http.WebSocket$Listener onError
WARNING: Connection reset
java.net.SocketException: Connection reset
	at java.base/sun.nio.ch.SocketChannelImpl.throwConnectionReset(SocketChannelImpl.java:401)
	at java.base/sun.nio.ch.SocketChannelImpl.read(SocketChannelImpl.java:434)
	at io.netty.buffer.PooledByteBuf.setBytes(PooledByteBuf.java:256)
	at io.netty.buffer.AbstractByteBuf.writeBytes(AbstractByteBuf.java:1132)
	at io.netty.channel.socket.nio.NioSocketChannel.doReadBytes(NioSocketChannel.java:357)
	at io.netty.channel.nio.AbstractNioByteChannel$NioByteUnsafe.read(AbstractNioByteChannel.java:151)
	at io.netty.channel.nio.NioEventLoop.processSelectedKey(NioEventLoop.java:788)
	at io.netty.channel.nio.NioEventLoop.processSelectedKeysOptimized(NioEventLoop.java:724)
	at io.netty.channel.nio.NioEventLoop.processSelectedKeys(NioEventLoop.java:650)
	at io.netty.channel.nio.NioEventLoop.run(NioEventLoop.java:562)
	at io.netty.util.concurrent.SingleThreadEventExecutor$4.run(SingleThreadEventExecutor.java:997)
	at io.netty.util.internal.ThreadExecutorMap$2.run(ThreadExecutorMap.java:74)
	at io.netty.util.concurrent.FastThreadLocalRunnable.run(FastThreadLocalRunnable.java:30)
	at java.base/java.lang.Thread.run(Thread.java:1589)

]]></system-err>
  </testcase>
</testsuite>